info it worked if it ends with ok
verbose cli [ 'node', '/usr/local/bin/npm', 'publish' ]
info using npm@1.0.15
info using node@v0.4.9
verbose config file /Users/maf/.npmrc
verbose config file /usr/local/etc/npmrc
verbose publish [ '.' ]
silly testEngine { name: 'curly',
silly testEngine   version: '0.1.6',
silly testEngine   description: 'a cascading request module',
silly testEngine   keywords: [ 'request', 'https', 'http' ],
silly testEngine   dependencies: { common: '>=0.1.0', buffoon: '>=0.1.0' },
silly testEngine   author: 
silly testEngine    { name: 'Mathias Buus Madsen',
silly testEngine      email: 'mathiasbuus@gmail.com' },
silly testEngine   main: './index.js',
silly testEngine   _npmJsonOpts: 
silly testEngine    { file: 'package.json',
silly testEngine      wscript: false,
silly testEngine      contributors: false,
silly testEngine      serverjs: false },
silly testEngine   _id: 'curly@0.1.6',
silly testEngine   devDependencies: {},
silly testEngine   engines: { node: '*' },
silly testEngine   _engineSupported: true,
silly testEngine   _npmVersion: '1.0.15',
silly testEngine   _nodeVersion: 'v0.4.9',
silly testEngine   _defaultsLoaded: true,
silly testEngine   path: '/Users/maf/projects/node_modules/curly' }
verbose caching package.json
verbose loadDefaults curly@0.1.6
verbose pack /Users/maf/projects/node_modules/curly /var/folders/5r/1t_jrwn17c34fh3k7td64t_w0000gn/T/npm-1312153765211/1312153765211-0.36299931444227695/tmp.tgz
verbose mkdir done: /var/folders/5r/1t_jrwn17c34fh3k7td64t_w0000gn/T/npm-1312153765211/1312153765211-0.36299931444227695 755
verbose mkdir'ed /var/folders/5r/1t_jrwn17c34fh3k7td64t_w0000gn/T/npm-1312153765211/1312153765211-0.36299931444227695
verbose tar about to write tar and gzip it.
silly tar args [ '-cvf',
silly tar args   '-',
silly tar args   'curly/example.js',
silly tar args   'curly/index.js',
silly tar args   'curly/package.json',
silly tar args   'curly/README.md' ]
verbose success tar -cvf - <file list elided>
verbose success gzip "--stdout"
verbose mkdir done: /var/folders/5r/1t_jrwn17c34fh3k7td64t_w0000gn/T/npm-1312153765211/1312153765211-0.36299931444227695/contents/___package.npm 755
verbose unpack_ uid, gid [ undefined, undefined ]
verbose unpackTarget /var/folders/5r/1t_jrwn17c34fh3k7td64t_w0000gn/T/npm-1312153765211/1312153765211-0.36299931444227695/contents/package
silly gunzTarPerm modes [ '755', '644' ]
verbose success gzip "--decompress" "--stdout" "/var/folders/5r/1t_jrwn17c34fh3k7td64t_w0000gn/T/npm-1312153765211/1312153765211-0.36299931444227695/tmp.tgz"
verbose success tar "-mvxpf" "-" "--no-same-owner" "-C" "/var/folders/5r/1t_jrwn17c34fh3k7td64t_w0000gn/T/npm-1312153765211/1312153765211-0.36299931444227695/contents/___package.npm"
silly asyncMap in gTP /var/folders/5r/1t_jrwn17c34fh3k7td64t_w0000gn/T/npm-1312153765211/1312153765211-0.36299931444227695/contents/___package.npm/curly/
silly asyncMap in gTP /var/folders/5r/1t_jrwn17c34fh3k7td64t_w0000gn/T/npm-1312153765211/1312153765211-0.36299931444227695/contents/___package.npm/curly/example.js
silly asyncMap in gTP /var/folders/5r/1t_jrwn17c34fh3k7td64t_w0000gn/T/npm-1312153765211/1312153765211-0.36299931444227695/contents/___package.npm/curly/index.js
silly asyncMap in gTP /var/folders/5r/1t_jrwn17c34fh3k7td64t_w0000gn/T/npm-1312153765211/1312153765211-0.36299931444227695/contents/___package.npm/curly/package.json
silly asyncMap in gTP /var/folders/5r/1t_jrwn17c34fh3k7td64t_w0000gn/T/npm-1312153765211/1312153765211-0.36299931444227695/contents/___package.npm/curly/README.md
verbose gunzed /var/folders/5r/1t_jrwn17c34fh3k7td64t_w0000gn/T/npm-1312153765211/1312153765211-0.36299931444227695/contents/___package.npm/curly
verbose rm'ed /var/folders/5r/1t_jrwn17c34fh3k7td64t_w0000gn/T/npm-1312153765211/1312153765211-0.36299931444227695/contents/package
verbose renamed [ '/var/folders/5r/1t_jrwn17c34fh3k7td64t_w0000gn/T/npm-1312153765211/1312153765211-0.36299931444227695/contents/___package.npm/curly',
verbose renamed   '/var/folders/5r/1t_jrwn17c34fh3k7td64t_w0000gn/T/npm-1312153765211/1312153765211-0.36299931444227695/contents/package' ]
silly testEngine { name: 'curly',
silly testEngine   version: '0.1.6',
silly testEngine   description: 'a cascading request module',
silly testEngine   keywords: [ 'request', 'https', 'http' ],
silly testEngine   dependencies: { common: '>=0.1.0', buffoon: '>=0.1.0' },
silly testEngine   author: 
silly testEngine    { name: 'Mathias Buus Madsen',
silly testEngine      email: 'mathiasbuus@gmail.com' },
silly testEngine   main: './index.js',
silly testEngine   _npmJsonOpts: 
silly testEngine    { file: '/var/folders/5r/1t_jrwn17c34fh3k7td64t_w0000gn/T/npm-1312153765211/1312153765211-0.36299931444227695/contents/package/package.json',
silly testEngine      wscript: false,
silly testEngine      contributors: false,
silly testEngine      serverjs: false },
silly testEngine   _id: 'curly@0.1.6',
silly testEngine   devDependencies: {},
silly testEngine   engines: { node: '*' },
silly testEngine   _engineSupported: true,
silly testEngine   _npmVersion: '1.0.15',
silly testEngine   _nodeVersion: 'v0.4.9',
silly testEngine   _defaultsLoaded: true,
silly testEngine   path: '/var/folders/5r/1t_jrwn17c34fh3k7td64t_w0000gn/T/npm-1312153765211/1312153765211-0.36299931444227695/contents/package' }
verbose caching /var/folders/5r/1t_jrwn17c34fh3k7td64t_w0000gn/T/npm-1312153765211/1312153765211-0.36299931444227695/contents/package/package.json
verbose loadDefaults curly@0.1.6
verbose tarball contents [ 'package' ]
verbose from cache /var/folders/5r/1t_jrwn17c34fh3k7td64t_w0000gn/T/npm-1312153765211/1312153765211-0.36299931444227695/contents/package/package.json
verbose pack /var/folders/5r/1t_jrwn17c34fh3k7td64t_w0000gn/T/npm-1312153765211/1312153765211-0.36299931444227695/contents/package /Users/maf/.npm/curly/0.1.6/package.tgz
verbose mkdir done: /Users/maf/.npm/curly/0.1.6 755
verbose mkdir'ed /Users/maf/.npm/curly/0.1.6
verbose tar about to write tar and gzip it.
silly tar args [ '-cvf',
silly tar args   '-',
silly tar args   'package/example.js',
silly tar args   'package/index.js',
silly tar args   'package/package.json',
silly tar args   'package/README.md' ]
verbose success tar -cvf - <file list elided>
verbose success gzip "--stdout"
verbose mkdir done: /Users/maf/.npm/curly/0.1.6/___package.npm 755
verbose unpack_ uid, gid [ undefined, undefined ]
verbose unpackTarget /Users/maf/.npm/curly/0.1.6/package
silly gunzTarPerm modes [ '755', '644' ]
verbose success gzip "--decompress" "--stdout" "/Users/maf/.npm/curly/0.1.6/package.tgz"
verbose success tar "-mvxpf" "-" "--no-same-owner" "-C" "/Users/maf/.npm/curly/0.1.6/___package.npm"
silly asyncMap in gTP /Users/maf/.npm/curly/0.1.6/___package.npm/package/
silly asyncMap in gTP /Users/maf/.npm/curly/0.1.6/___package.npm/package/example.js
silly asyncMap in gTP /Users/maf/.npm/curly/0.1.6/___package.npm/package/index.js
silly asyncMap in gTP /Users/maf/.npm/curly/0.1.6/___package.npm/package/package.json
silly asyncMap in gTP /Users/maf/.npm/curly/0.1.6/___package.npm/package/README.md
verbose gunzed /Users/maf/.npm/curly/0.1.6/___package.npm/package
verbose rm'ed /Users/maf/.npm/curly/0.1.6/package
verbose renamed [ '/Users/maf/.npm/curly/0.1.6/___package.npm/package',
verbose renamed   '/Users/maf/.npm/curly/0.1.6/package' ]
silly testEngine { name: 'curly',
silly testEngine   version: '0.1.6',
silly testEngine   description: 'a cascading request module',
silly testEngine   keywords: [ 'request', 'https', 'http' ],
silly testEngine   dependencies: { common: '>=0.1.0', buffoon: '>=0.1.0' },
silly testEngine   author: 
silly testEngine    { name: 'Mathias Buus Madsen',
silly testEngine      email: 'mathiasbuus@gmail.com' },
silly testEngine   main: './index.js',
silly testEngine   _npmJsonOpts: 
silly testEngine    { file: '/Users/maf/.npm/curly/0.1.6/package/package.json',
silly testEngine      wscript: false,
silly testEngine      contributors: false,
silly testEngine      serverjs: false },
silly testEngine   _id: 'curly@0.1.6',
silly testEngine   devDependencies: {},
silly testEngine   engines: { node: '*' },
silly testEngine   _engineSupported: true,
silly testEngine   _npmVersion: '1.0.15',
silly testEngine   _nodeVersion: 'v0.4.9',
silly testEngine   _defaultsLoaded: true,
silly testEngine   dist: 
silly testEngine    { shasum: 'a2d22ce7519ca7654dd8c82c4f412ee311821f1e',
silly testEngine      tarball: 'http://registry.npmjs.org/curly/-/curly-0.1.6.tgz' },
silly testEngine   scripts: {} }
verbose caching /Users/maf/.npm/curly/0.1.6/package/package.json
verbose loadDefaults curly@0.1.6
silly updated sha bytes 2140
info shasum a2d22ce7519ca7654dd8c82c4f412ee311821f1e
info shasum /Users/maf/.npm/curly/0.1.6/package.tgz
verbose from cache /Users/maf/.npm/curly/0.1.6/package/package.json
verbose chmod /Users/maf/.npm/curly/0.1.6/package.tgz 644
silly publish { name: 'curly',
silly publish   version: '0.1.6',
silly publish   description: 'a cascading request module',
silly publish   keywords: [ 'request', 'https', 'http' ],
silly publish   dependencies: { common: '>=0.1.0', buffoon: '>=0.1.0' },
silly publish   author: 
silly publish    { name: 'Mathias Buus Madsen',
silly publish      email: 'mathiasbuus@gmail.com' },
silly publish   main: './index.js',
silly publish   _npmJsonOpts: 
silly publish    { file: '/Users/maf/.npm/curly/0.1.6/package/package.json',
silly publish      wscript: false,
silly publish      contributors: false,
silly publish      serverjs: false },
silly publish   _id: 'curly@0.1.6',
silly publish   devDependencies: {},
silly publish   engines: { node: '*' },
silly publish   _engineSupported: true,
silly publish   _npmVersion: '1.0.15',
silly publish   _nodeVersion: 'v0.4.9',
silly publish   _defaultsLoaded: true,
silly publish   dist: 
silly publish    { shasum: 'a2d22ce7519ca7654dd8c82c4f412ee311821f1e',
silly publish      tarball: 'http://registry.npmjs.org/curly/-/curly-0.1.6.tgz' },
silly publish   scripts: {} }
info prepublish curly@0.1.6
verbose PUT curly
verbose raw, before any munging curly
verbose url resolving [ 'http://registry.npmjs.org/', './curly' ]
verbose url resolved http://registry.npmjs.org/curly
verbose url parsed { protocol: 'http:',
verbose url parsed   slashes: true,
verbose url parsed   host: 'registry.npmjs.org',
verbose url parsed   hostname: 'registry.npmjs.org',
verbose url parsed   href: 'http://registry.npmjs.org/curly',
verbose url parsed   pathname: '/curly' }
WARN Sending authorization over insecure channel.
silly writing json { _id: 'curly',
silly writing json   name: 'curly',
silly writing json   description: 'a cascading request module',
silly writing json   'dist-tags': {},
silly writing json   versions: {},
silly writing json   maintainers: [ { name: 'mafintosh', email: 'm@ge.tt' } ] }
verbose response http://registry.npmjs.org/curly
silly chunk {"error":"conflict","reason":"Document update conflict."}
silly chunk 
verbose GET curly
verbose raw, before any munging curly
verbose url resolving [ 'http://registry.npmjs.org/', './curly' ]
verbose url resolved http://registry.npmjs.org/curly
verbose url parsed { protocol: 'http:',
verbose url parsed   slashes: true,
verbose url parsed   host: 'registry.npmjs.org',
verbose url parsed   hostname: 'registry.npmjs.org',
verbose url parsed   href: 'http://registry.npmjs.org/curly',
verbose url parsed   pathname: '/curly' }
verbose response http://registry.npmjs.org/curly
silly chunk {"_id":"curly","_rev":"15-4256adbdefa862e847cb30cff30e16b9","name":"curly","description":"a cascading request module","dist-tags":{"latest":"0.1.6"},"versions":{"0.1.0":{"name":"curly","version":"0.1.0","description":"a cascading request module","keywords":["request","https","http"],"dependencies":{"common":">=0.1.0","buffoon":">=0.1.0"},"author":{"name":"Mathias Buus Madsen","email":"mathiasbuus@gmail.com"},"main":"./index.js","_npmJsonOpts":{"file":"/Users/maf/.npm/curly/0.1.0/package/package.json","wscript":false,"contributors":false,"serverjs":false},"_id":"curly@0.1.0","devDependencies":{},"engines":{"node":"*"},"_engineSupported":true,"_npmVersion":"1.0.15","_nodeVersion":"v0.4.9","_defaultsLoaded":true,"dist":{"shasum":"3b5be71b0dc7ef9cfb321a2029839b2f5ff2f473","tarball":"http://registry.npmjs.org/curly/-/curly-0.1.0.tgz"},"scripts":{},"directories":{}},"0.1.1":{"name":"curly","version":"0.1.1","description":"a cascading request module","keywords":["request","https","http"],"dependencies":{"common":">=0.1.0","buffoon":">=0.1.0"},"author":{"name":"Mathias Buus Madsen","email":"mathiasbuus@gmail.com"},"main":"./index.js","_npmJsonOpts":{"file":"/Users/maf/.npm/curly/0.1.1/package/package.json","wscript":false,"contributor
silly chunk s":false,"serverjs":false},"_id":"curly@0.1.1","devDependencies":{},"engines":{"node":"*"},"_engineSupported":true,"_npmVersion":"1.0.15","_nodeVersion":"v0.4.9","_defaultsLoaded":true,"dist":{"shasum":"6ee568bbb6419dcc82f10294e90a5e056bd9f0f2","tarball":"http://registry.npmjs.org/curly/-/curly-0.1.1.tgz"},"scripts":{},"directories":{}},"0.1.2":{"name":"curly","version":"0.1.2","description":"a cascading request module","keywords":["request","https","http"],"dependencies":{"common":">=0.1.0","buffoon":">=0.1.0"},"author":{"name":"Mathias Buus Madsen","email":"mathiasbuus@gmail.com"},"main":"./index.js","_npmJsonOpts":{"file":"/Users/maf/.npm/curly/0.1.2/package/package.json","wscript":false,"contributors":false,"serverjs":false},"_id":"curly@0.1.2","devDependencies":{},"engines":{"node":"*"},"_engineSupported":true,"_npmVersion":"1.0.15","_nodeVersion":"v0.4.9","_defaultsLoaded":true,"dist":{"shasum":"9b644ae0890cd2498b61cbc39f8dee4bff468378","tarball":"http://registry.npmjs.org/curly/-/curly-0.1.2.tgz"},"scripts":{},"directories":{}},"0.1.3":{"name":"curly","version":"0.1.3","description":"a cascading request module","keywords":["request","https","http"],"dependencies":{"common":">=0.1.0","buffoon":">=0.1.0"},"author":{"name":"Mathias Buus Madsen","email":"mathiasbuus@gmail.com"},"main":"./index.js","_npmJsonOpts":{"file":"/Users/maf/.npm/curly/0.1.3/package/package.json","wscript":false,"contributors":false,"serverjs":false},"_id":"cu
silly chunk rly@0.1.3","devDependencies":{},"engines":{"node":"*"},"_engineSupported":true,"_npmVersion":"1.0.15","_nodeVersion":"v0.4.9","_defaultsLoaded":true,"dist":{"shasum":"b500474d76773c449d9626fee8e127ef8f8114b8","tarball":"http://registry.npmjs.org/curly/-/curly-0.1.3.tgz"},"scripts":{},"directories":{}},"0.1.4":{"name":"curly","version":"0.1.4","description":"a cascading request module","keywords":["request","https","http"],"dependencies":{"common":">=0.1.0","buffoon":">=0.1.0"},"author":{"name":"Mathias Buus Madsen","email":"mathiasbuus@gmail.com"},"main":"./index.js","_npmJsonOpts":{"file":"/Users/maf/.npm/curly/0.1.4/package/package.json","wscript":false,"contributors":false,"serverjs":false},"_id":"curly@0.1.4","devDependencies":{},"engines":{"node":"*"},"_engineSupported":true,"_npmVersion":"1.0.15","_nodeVersion":"v0.4.9","_defaultsLoaded":true,"dist":{"shasum":"493b0bae5988c844e269f746e4b43bab6c428d9b","tarball":"http://registry.npmjs.org/curly/-/curly-0.1.4.tgz"},"scripts":{},"directories":{}},"0.1.5":{"name":"curly","version":"0.1.5","description":"a cascading request module","keywords":["request","https","http"],"dependencies":{"common":">=0.1.0","buffoon":">=0.1.0"},"author":{"name":"Mathias Buus Madsen","email":"mathiasbuus@gmail.com"},"main":"./index.js","_npmJsonOpts":{"file":"/Users/maf/.npm/curly/0.1.5/package/package.json","wscript":false,"contributors":false,"serverjs":false},"_id":"curly@0.1.5","devDependenc
silly chunk ies":{},"engines":{"node":"*"},"_engineSupported":true,"_npmVersion":"1.0.15","_nodeVersion":"v0.4.9","_defaultsLoaded":true,"dist":{"shasum":"9c85b0176b25b807aa43e3ff1b6284048665966f","tarball":"http://registry.npmjs.org/curly/-/curly-0.1.5.tgz"},"scripts":{},"directories":{}},"0.1.6":{"name":"curly","version":"0.1.6","description":"a cascading request module","keywords":["request","https","http"],"dependencies":{"common":">=0.1.0","buffoon":">=0.1.0"},"author":{"name":"Mathias Buus Madsen","email":"mathiasbuus@gmail.com"},"main":"./index.js","_npmJsonOpts":{"file":"/Users/maf/.npm/curly/0.1.6/package/package.json","wscript":false,"contributors":false,"serverjs":false},"_id":"curly@0.1.6","devDependencies":{},"engines":{"node":"*"},"_engineSupported":true,"_npmVersion":"1.0.15","_nodeVersion":"v0.4.9","_defaultsLoaded":true,"dist":{"shasum":"4523d10b45d2b10c47efbc153012952852e6f032","tarball":"http://registry.npmjs.org/curly/-/curly-0.1.6.tgz"},"scripts":{},"directories":{}}},"maintainers":[{"name":"mafintosh","email":"m@ge.tt"}],"time":{"0.1.0":"2011-07-31T19:54:23.797Z","0.1.1":"2011-07-31T20:13:56.344Z","0.1.2":"2011-07-31T20:16:21.185Z","0.1.3":"2011-07-31T20:22:27.263Z","0.1.4":"2011-07-31T22:42:49.442Z","0.1.5":"2011-07-31T22:57:43.542Z","0.1.6":"2011-07-31T23:08:01.973Z"},"author":{"name":"Mathias Buus Madsen","email":"mathiasbuus@gmail.com"}}
info Already published curly@0.1.6
verbose uploading bin dists []
ERR! publish fail Cannot publish over existing version.
ERR! publish fail Bump the 'version' field, set the --force flag, or
ERR! publish fail     npm unpublish 'curly@0.1.6'
ERR! publish fail and try again
ERR! 
ERR! System Darwin 11.0.0
ERR! command "node" "/usr/local/bin/npm" "publish"
verbose exit [ 1, true ]
